<?xml version="1.0" encoding="UTF-8"?>
<!-- Generated by org.testng.reporters.JUnitReportReporter -->
<testsuite skipped="0" name="tests.SearchTest" tests="1" failures="0" timestamp="2020-01-30T16:36:06 UYT" time="18.683" errors="0">
  <testcase name="search" time="18.683" classname="tests.SearchTest"/>
  <system-out/>
</testsuite> <!-- tests.SearchTest -->
