<?xml version="1.0" encoding="UTF-8"?>
<!-- Generated by org.testng.reporters.JUnitReportReporter -->
<testsuite skipped="0" name="tests.SearchTest" tests="1" failures="0" timestamp="2020-01-30T15:50:04 UYT" time="17.088" errors="0">
  <testcase name="search" time="17.088" classname="tests.SearchTest"/>
  <system-out/>
</testsuite> <!-- tests.SearchTest -->
