<?xml version="1.0" encoding="UTF-8"?>
<!-- Generated by org.testng.reporters.JUnitReportReporter -->
<testsuite skipped="0" name="tests.SearchTest" tests="1" failures="0" timestamp="2020-01-27T13:34:35 UYT" time="6.305" errors="0">
  <testcase name="search" time="6.305" classname="tests.SearchTest"/>
  <system-out/>
</testsuite> <!-- tests.SearchTest -->
