<?xml version="1.0" encoding="UTF-8"?>
<!-- Generated by org.testng.reporters.JUnitReportReporter -->
<testsuite skipped="0" name="tests.SearchTest" tests="1" failures="0" timestamp="2020-01-24T16:48:47 UYT" time="5.890" errors="0">
  <testcase name="search" time="5.890" classname="tests.SearchTest"/>
  <system-out/>
</testsuite> <!-- tests.SearchTest -->
